<?xml version="1.0" encoding="UTF-8"?>
<!-- Generated by org.testng.reporters.JUnitReportReporter -->
<testsuite hostname="LAPTOP-JF75M5NU" failures="0" tests="1" name="com.iNetBanking.testCases.TC_logInTest_001" time="1.868" errors="0" timestamp="2023-10-25T15:45:10 IST" skipped="0">
  <testcase classname="com.iNetBanking.testCases.TC_logInTest_001" name="logInTest" time="1.868"/>
  <system-out/>
</testsuite> <!-- com.iNetBanking.testCases.TC_logInTest_001 -->
