<?xml version="1.0" encoding="UTF-8"?>
<!-- Generated by org.testng.reporters.JUnitReportReporter -->
<testsuite hostname="LAPTOP-JF75M5NU" failures="0" tests="2" name="com.iNetBanking.testCases.TC_addCustomerTest_003" time="11.791" errors="0" timestamp="2023-10-25T15:45:10 IST" skipped="0">
  <testcase classname="com.iNetBanking.testCases.TC_addCustomerTest_003" name="logInPage" time="1.946"/>
  <system-out/>
  <testcase classname="com.iNetBanking.testCases.TC_addCustomerTest_003" name="addNewCustomer" time="9.845"/>
  <system-out/>
</testsuite> <!-- com.iNetBanking.testCases.TC_addCustomerTest_003 -->
